[H[2J[3J[35m
####################################################
#  ------- Bem vindo ร mรกquina de vendas  -------  #
#                                                  #
#  Essa mรกquina vende componentes de computadores  #
#                                                  #
#     ------- Criado por Carlos Junior -------     #
####################################################

[32m
Pressione ENTER para prosseguir![H[2J[3J[H[2J[3J[34m
+--------------------------------------------------+
|                                                  |
|                MรQUINA DE VENDAS                 |
|               ESCOLHA UM PRODUTO                 |
|                                                  |
+--------------------------------------------------+
|                                                  |
|  1 - Placa de vรญdeo....................R$800.00  |
|  2 - Placa Mรฃe.........................R$900.00  |
|  3 - Monitor...........................R$500.00  |
|  4 - Memรณria RAM.......................R$300.00  |
|  5 - Processador.......................R$900.00  |
|                                                  |
+--------------------------------------------------+ [00m
--> Digite sua opรงรฃo (Digite 0 para cancelar operaรงรฃo!): [H[2J[3J[34m
+------------------------+
|    ITEM SELECIONADO    |
+------------------------+
|    Nome: Placa mรฃe     |
|     Preรงo:  900.00     |
+------------------------+
[32m

Deseja continuar a compra? (s/n) [H[2J[3Jโโโโโโโโโโโโโโโโโโโโโโ
โโโโโโโโโโโโโ ATร โโโโ.
โโโโโโโโโโโโโ MAISโโโโ.
โโโโโโโโโโโโโโโโโโโโโโ
โโโโโโโโโโโโโโโโโโโโ 
